{
  "RSpec": {
    "coverage": {
      "/Users/prawit/academy_test/demotest/acade/app/models/quest.rb": {
        "lines": [
          1,
          1,
          null
        ]
      },
      "/Users/prawit/academy_test/demotest/acade/app/models/application_record.rb": {
        "lines": [
          1,
          1,
          null
        ]
      },
      "/Users/prawit/academy_test/demotest/acade/app/controllers/quests_controller.rb": {
        "lines": [
          1,
          1,
          null,
          null,
          1,
          1,
          1,
          null,
          null,
          null,
          1,
          5,
          null,
          5,
          5,
          3,
          3,
          2,
          null,
          4,
          4,
          3,
          null,
          1,
          null,
          null,
          null,
          null,
          null,
          null,
          null,
          null,
          null,
          null,
          null,
          null,
          1,
          5,
          5,
          3,
          3,
          2,
          null,
          4,
          4,
          4,
          null,
          null,
          null,
          null,
          null,
          null,
          1,
          3,
          null,
          3,
          3,
          4,
          4,
          null,
          null,
          null,
          1,
          null,
          1,
          8,
          null,
          null,
          1,
          10,
          null,
          null
        ]
      },
      "/Users/prawit/academy_test/demotest/acade/app/controllers/application_controller.rb": {
        "lines": [
          1,
          null,
          1,
          null
        ]
      },
      "/Users/prawit/academy_test/demotest/acade/app/helpers/application_helper.rb": {
        "lines": [
          1,
          null
        ]
      },
      "/Users/prawit/academy_test/demotest/acade/app/helpers/brag_helper.rb": {
        "lines": [
          1,
          null
        ]
      },
      "/Users/prawit/academy_test/demotest/acade/app/helpers/quests_helper.rb": {
        "lines": [
          1,
          null
        ]
      },
      "/Users/prawit/academy_test/demotest/acade/app/mailers/application_mailer.rb": {
        "lines": [
          null,
          1,
          1,
          1,
          null,
          null,
          1,
          1,
          2,
          null,
          null,
          null,
          null,
          1,
          1,
          2,
          null,
          null,
          null
        ]
      },
      "/Users/prawit/academy_test/demotest/acade/app/controllers/brag_controller.rb": {
        "lines": [
          1,
          null
        ]
      },
      "/Users/prawit/academy_test/demotest/acade/app/jobs/example_job.rb": {
        "lines": [
          1,
          1,
          null,
          1,
          null,
          null
        ]
      },
      "/Users/prawit/academy_test/demotest/acade/app/jobs/application_job.rb": {
        "lines": [
          1,
          null,
          null,
          null,
          null,
          null,
          null
        ]
      }
    },
    "timestamp": 1755684096
  }
}
